{
  "stats": {
    "suites": 1,
    "tests": 1,
    "passes": 1,
    "pending": 0,
    "failures": 0,
    "start": "2024-08-11T03:10:09.691Z",
    "end": "2024-08-11T03:10:10.229Z",
    "duration": 538,
    "testsRegistered": 1,
    "passPercent": 100,
    "pendingPercent": 0,
    "other": 0,
    "hasOther": false,
    "skipped": 0,
    "hasSkipped": false
  },
  "results": [
    {
      "uuid": "3b7bebd4-6c27-4328-a6f4-8042a5b9df6d",
      "title": "",
      "fullFile": "D:\\DigitalSkola\\APIautomationDigitalSkola\\latihanAPIautomation\\getRequest.js",
      "file": "\\latihanAPIautomation\\getRequest.js",
      "beforeHooks": [],
      "afterHooks": [],
      "tests": [],
      "suites": [
        {
          "uuid": "8b258ce4-83b6-4e6c-ba93-4c4ac6b2178c",
          "title": "This is unit Test API for calling get methode",
          "fullFile": "D:\\DigitalSkola\\APIautomationDigitalSkola\\latihanAPIautomation\\getRequest.js",
          "file": "\\latihanAPIautomation\\getRequest.js",
          "beforeHooks": [],
          "afterHooks": [],
          "tests": [
            {
              "title": "Get objects",
              "fullTitle": "This is unit Test API for calling get methode Get objects",
              "timedOut": false,
              "duration": 522,
              "state": "passed",
              "speed": "slow",
              "pass": true,
              "fail": false,
              "pending": false,
              "context": null,
              "code": "const { expect } = await import('chai');\nconst response = await request(baseUrl())\n.get('objects')\n.set('Content-Type', 'application-json')\nexpect(response.status).to.equal(200);\nexpect(response.body[0].id).to.equal('1');\nexpect(response.body[0].name).to.equal('Google Pixel 6 Pro');\nconsole.log('response status is ', response.status);\nconsole.log('response body are ', response.body);",
              "err": {},
              "uuid": "4c24c71d-6802-4856-ad8f-ec9b60261fb8",
              "parentUUID": "8b258ce4-83b6-4e6c-ba93-4c4ac6b2178c",
              "isHook": false,
              "skipped": false
            }
          ],
          "suites": [],
          "passes": [
            "4c24c71d-6802-4856-ad8f-ec9b60261fb8"
          ],
          "failures": [],
          "pending": [],
          "skipped": [],
          "duration": 522,
          "root": false,
          "rootEmpty": false,
          "_timeout": 2000
        }
      ],
      "passes": [],
      "failures": [],
      "pending": [],
      "skipped": [],
      "duration": 0,
      "root": true,
      "rootEmpty": true,
      "_timeout": 2000
    }
  ],
  "meta": {
    "mocha": {
      "version": "10.7.3"
    },
    "mochawesome": {
      "options": {
        "quiet": false,
        "reportFilename": "mochawesome",
        "saveHtml": true,
        "saveJson": true,
        "consoleReporter": "spec",
        "useInlineDiffs": false,
        "code": true
      },
      "version": "7.1.3"
    },
    "marge": {
      "options": null,
      "version": "6.2.0"
    }
  }
}